<?xml version="1.0" encoding="UTF-8"?>
<!-- Generated by org.testng.reporters.JUnitReportReporter -->
<testsuite skipped="0" hostname="snktst" name="tests.LoginTest" tests="8" failures="0" timestamp="21 фев 2018 18:42:27 GMT" time="60.011" errors="0">
  <testcase name="emptyUserLoginTest" time="1.024" classname="tests.LoginTest"/>
  <testcase name="incorrectUserLoginMaskTest" time="16.334" classname="tests.LoginTest"/>
  <testcase name="nonExistUserLoginTest" time="2.068" classname="tests.LoginTest"/>
  <testcase name="validCredentialsLoginTest" time="5.084" classname="tests.LoginTest"/>
  <testcase name="spacesInTheUserLoginAndPasswordTest" time="16.650" classname="tests.LoginTest"/>
  <testcase name="emptyUserLoginAndPasswordTest" time="1.599" classname="tests.LoginTest"/>
  <testcase name="emptyUserPasswordTest" time="1.290" classname="tests.LoginTest"/>
  <testcase name="tabsInTheUserLoginAndPasswordTest" time="15.962" classname="tests.LoginTest"/>
</testsuite> <!-- tests.LoginTest -->
