<?xml version="1.0" encoding="UTF-8"?>
<!-- Generated by org.testng.reporters.JUnitReportReporter -->
<testsuite skipped="0" hostname="snktst" name="tests.LoginTest" tests="8" failures="0" timestamp="14 фев 2018 19:07:54 GMT" time="67.445" errors="0">
  <testcase name="spacesInTheUserLoginAndPasswordTest" time="16.675" classname="tests.LoginTest"/>
  <testcase name="incorrectUserLoginMaskTest" time="17.210" classname="tests.LoginTest"/>
  <testcase name="validCredentialsLoginTest" time="4.734" classname="tests.LoginTest"/>
  <testcase name="emptyUserPasswordTest" time="2.144" classname="tests.LoginTest"/>
  <testcase name="tabsInTheUserLoginAndPasswordTest" time="16.682" classname="tests.LoginTest"/>
  <testcase name="emptyUserLoginAndPasswordTest" time="4.175" classname="tests.LoginTest"/>
  <testcase name="nonExistUserLoginTest" time="3.623" classname="tests.LoginTest"/>
  <testcase name="emptyUserLoginTest" time="2.202" classname="tests.LoginTest"/>
</testsuite> <!-- tests.LoginTest -->
