<?xml version="1.0" encoding="UTF-8"?>
<!-- Generated by org.testng.reporters.JUnitReportReporter -->
<testsuite skipped="0" hostname="snktst" name="tests.ProductListTest" tests="5" failures="0" timestamp="21 фев 2018 18:42:27 GMT" time="11.966" errors="0">
  <testcase name="productsOnTheProductListHaveAPriceTest" time="1.621" classname="tests.ProductListTest"/>
  <testcase name="isPriceFilterPresentTest" time="1.828" classname="tests.ProductListTest"/>
  <testcase name="openingProductPageTest" time="2.695" classname="tests.ProductListTest"/>
  <testcase name="productListIncludesValidProductAfterApplyPriceFilterTest" time="4.255" classname="tests.ProductListTest"/>
  <testcase name="isProductPresentInTheProductListTest" time="1.567" classname="tests.ProductListTest"/>
</testsuite> <!-- tests.ProductListTest -->
